<?xml version="1.0" encoding="utf-8"?><testsuites><testsuite name="pytest" errors="0" failures="0" skipped="0" tests="6" time="1.708" timestamp="2023-12-29T21:37:38.536519" hostname="fv-az665-402"><testcase classname="tests.test_forces" name="test_dependencies_gravity" time="0.003" /><testcase classname="tests.test_forces" name="test_dependencies_drag" time="0.002" /><testcase classname="tests.test_forces" name="test_dependencies_null" time="0.001" /><testcase classname="tests.test_forces" name="test_gravity" time="0.001" /><testcase classname="tests.test_forces" name="test_drag" time="0.001" /><testcase classname="tests.test_forces" name="test_sum_forces" time="0.001" /></testsuite></testsuites>