<?xml version="1.0" encoding="utf-8"?><testsuites><testsuite name="pytest" errors="0" failures="0" skipped="0" tests="11" time="3.385" timestamp="2024-01-21T12:56:57.634809" hostname="fv-az736-529"><testcase classname="tests.test_forces" name="test_dependencies_gravity" time="0.003" /><testcase classname="tests.test_forces" name="test_dependencies_drag" time="0.001" /><testcase classname="tests.test_forces" name="test_dependencies_null" time="0.001" /><testcase classname="tests.test_forces" name="test_force_none" time="0.001" /><testcase classname="tests.test_forces" name="test_gravity" time="0.001" /><testcase classname="tests.test_forces" name="test_drag" time="0.001" /><testcase classname="tests.test_forces" name="test_sum_forces" time="0.001" /><testcase classname="tests.test_objects" name="test_sphere" time="0.001" /><testcase classname="tests.test_simulations" name="test_basic_simulation" time="0.043" /><testcase classname="tests.test_simulations" name="test_simulation_with_drag" time="0.058" /><testcase classname="tests.test_simulations" name="test_actors" time="0.037" /></testsuite></testsuites>